Building DAG of jobs...
Using shell: /usr/bin/bash
Provided cores: 8
Rules claiming more threads will be scaled down.
Conda environments: ignored
Job stats:
job                           count
--------------------------  -------
all                               1
build_quant_sample_table          1
build_samples_table               1
fastp                             6
gffcompare                        6
hisat2_align                      6
hisat2_extract_splicesites        1
hisat2_index                      1
pca_html                          1
prepDE                            1
samtools_stats                    6
stringtie_final_quant             6
stringtie_merge                   1
stringtie_quant                   6
total                            44

Select jobs to execute...

[Thu Jun  5 10:26:43 2025]
rule fastp:
    input: testdata/raw/batch2_chrI_1.fastq, testdata/raw/batch2_chrI_2.fastq
    output: results/fastp/batch2_R1.clean.fastq.gz, results/fastp/batch2_R2.clean.fastq.gz, results/summary_qc/batch2_fastp.json, results/summary_qc/batch2_fastp.html
    jobid: 8
    reason: Missing output files: results/summary_qc/batch2_fastp.html, results/fastp/batch2_R2.clean.fastq.gz, results/summary_qc/batch2_fastp.json, results/fastp/batch2_R1.clean.fastq.gz
    wildcards: sample=batch2
    threads: 4
    resources: tmpdir=/tmp


[Thu Jun  5 10:26:43 2025]
rule fastp:
    input: testdata/raw/batch3_chrI_1.fastq, testdata/raw/batch3_chrI_2.fastq
    output: results/fastp/batch3_R1.clean.fastq.gz, results/fastp/batch3_R2.clean.fastq.gz, results/summary_qc/batch3_fastp.json, results/summary_qc/batch3_fastp.html
    jobid: 11
    reason: Missing output files: results/summary_qc/batch3_fastp.html, results/fastp/batch3_R1.clean.fastq.gz, results/fastp/batch3_R2.clean.fastq.gz, results/summary_qc/batch3_fastp.json
    wildcards: sample=batch3
    threads: 4
    resources: tmpdir=/tmp

WorkflowError:
Failed to open source file /home/tripp/GENOMICA/2025_snakemake_tests/rules/envs/fastp.yaml
FileNotFoundError: [Errno 2] No such file or directory: '/home/tripp/GENOMICA/2025_snakemake_tests/rules/envs/fastp.yaml'
Removing output files of failed job fastp since they might be corrupted:
results/fastp/batch3_R1.clean.fastq.gz, results/fastp/batch3_R2.clean.fastq.gz, results/summary_qc/batch3_fastp.json, results/summary_qc/batch3_fastp.html
WorkflowError:
Failed to open source file /home/tripp/GENOMICA/2025_snakemake_tests/rules/envs/fastp.yaml
FileNotFoundError: [Errno 2] No such file or directory: '/home/tripp/GENOMICA/2025_snakemake_tests/rules/envs/fastp.yaml'
Removing output files of failed job fastp since they might be corrupted:
results/fastp/batch2_R1.clean.fastq.gz, results/fastp/batch2_R2.clean.fastq.gz, results/summary_qc/batch2_fastp.json, results/summary_qc/batch2_fastp.html
Shutting down, this might take some time.
Exiting because a job execution failed. Look above for error message
Complete log: .snakemake/log/2025-06-05T102643.095442.snakemake.log
