Building DAG of jobs...
Using shell: /usr/bin/bash
Provided cores: 8
Rules claiming more threads will be scaled down.
Conda environments: ignored
Job stats:
job         count
--------  -------
all             1
pca_html        1
total           2

Select jobs to execute...

[Wed Jun  4 16:01:56 2025]
rule pca_html:
    input: results/quant/gene_count_matrix.csv, data/metadata.tsv, scripts/pca_plot.Rmd
    output: results/summary_qc/pca_plot.html
    jobid: 37
    reason: Missing output files: results/summary_qc/pca_plot.html
    resources: tmpdir=/tmp

[Wed Jun  4 16:02:19 2025]
Finished job 37.
1 of 2 steps (50%) done
Select jobs to execute...

[Wed Jun  4 16:02:19 2025]
localrule all:
    input: results/quant/Ch14_2/Ch14_2.gtf, results/quant/Ch14_3/Ch14_3.gtf, results/quant/EP08_1/EP08_1.gtf, results/quant/EP08_2/EP08_2.gtf, results/quant/EP08_3/EP08_3.gtf, results/summary_qc/Ch14_2.annotated.gtf, results/summary_qc/Ch14_3.annotated.gtf, results/summary_qc/EP08_1.annotated.gtf, results/summary_qc/EP08_2.annotated.gtf, results/summary_qc/EP08_3.annotated.gtf, results/summary_qc/Ch14_2.stats, results/summary_qc/Ch14_3.stats, results/summary_qc/EP08_1.stats, results/summary_qc/EP08_2.stats, results/summary_qc/EP08_3.stats, results/summary_qc/Ch14_2.loci, results/summary_qc/Ch14_3.loci, results/summary_qc/EP08_1.loci, results/summary_qc/EP08_2.loci, results/summary_qc/EP08_3.loci, results/summary_qc/Ch14_2.tracking, results/summary_qc/Ch14_3.tracking, results/summary_qc/EP08_1.tracking, results/summary_qc/EP08_2.tracking, results/summary_qc/EP08_3.tracking, results/summary_qc/Ch14_2_fastp.html, results/summary_qc/Ch14_3_fastp.html, results/summary_qc/EP08_1_fastp.html, results/summary_qc/EP08_2_fastp.html, results/summary_qc/EP08_3_fastp.html, results/summary_qc/Ch14_2_fastp.json, results/summary_qc/Ch14_3_fastp.json, results/summary_qc/EP08_1_fastp.json, results/summary_qc/EP08_2_fastp.json, results/summary_qc/EP08_3_fastp.json, results/summary_qc/Ch14_2.hisat2.log, results/summary_qc/Ch14_3.hisat2.log, results/summary_qc/EP08_1.hisat2.log, results/summary_qc/EP08_2.hisat2.log, results/summary_qc/EP08_3.hisat2.log, results/summary_qc/Ch14_2.samtools.stats, results/summary_qc/Ch14_3.samtools.stats, results/summary_qc/EP08_1.samtools.stats, results/summary_qc/EP08_2.samtools.stats, results/summary_qc/EP08_3.samtools.stats, results/quant/samples_table.txt, results/quant/stringtie_merged.gtf, results/quant/samples_quant_table.txt, results/quant/gene_count_matrix.csv, results/quant/transcript_count_matrix.csv, results/summary_qc/pca_plot.html
    jobid: 0
    reason: Input files updated by another job: results/summary_qc/pca_plot.html
    resources: tmpdir=/tmp

[Wed Jun  4 16:02:19 2025]
Finished job 0.
2 of 2 steps (100%) done
Complete log: .snakemake/log/2025-06-04T160153.973408.snakemake.log
