Building DAG of jobs...
Using shell: /usr/bin/bash
Provided cores: 8
Rules claiming more threads will be scaled down.
Conda environments: ignored
Job stats:
job                         count
------------------------  -------
all                             1
build_quant_sample_table        1
build_samples_table             1
gffcompare                      5
hisat2_align                    5
pca_html                        1
prepDE                          1
samtools_stats                  5
stringtie_final_quant           5
stringtie_merge                 1
stringtie_quant                 5
total                          31

Select jobs to execute...

[Wed Jun  4 15:45:24 2025]
rule hisat2_align:
    input: results/fastp/EP08_3_R1.clean.fastq.gz, results/fastp/EP08_3_R2.clean.fastq.gz, results/hisat2_index, results/hisat2/splice_sites.txt
    output: results/align/EP08_3.bam, results/align/EP08_3.bam.bai, results/summary_qc/EP08_3.hisat2.log
    jobid: 16
    reason: Missing output files: results/align/EP08_3.bam, results/summary_qc/EP08_3.hisat2.log
    wildcards: sample=EP08_3
    threads: 8
    resources: tmpdir=/tmp

[Wed Jun  4 15:46:38 2025]
Finished job 16.
1 of 31 steps (3%) done
Select jobs to execute...

[Wed Jun  4 15:46:38 2025]
rule hisat2_align:
    input: results/fastp/EP08_1_R1.clean.fastq.gz, results/fastp/EP08_1_R2.clean.fastq.gz, results/hisat2_index, results/hisat2/splice_sites.txt
    output: results/align/EP08_1.bam, results/align/EP08_1.bam.bai, results/summary_qc/EP08_1.hisat2.log
    jobid: 10
    reason: Missing output files: results/align/EP08_1.bam, results/summary_qc/EP08_1.hisat2.log
    wildcards: sample=EP08_1
    threads: 8
    resources: tmpdir=/tmp

[Wed Jun  4 15:47:31 2025]
Finished job 10.
2 of 31 steps (6%) done
Select jobs to execute...

[Wed Jun  4 15:47:31 2025]
rule hisat2_align:
    input: results/fastp/Ch14_3_R1.clean.fastq.gz, results/fastp/Ch14_3_R2.clean.fastq.gz, results/hisat2_index, results/hisat2/splice_sites.txt
    output: results/align/Ch14_3.bam, results/align/Ch14_3.bam.bai, results/summary_qc/Ch14_3.hisat2.log
    jobid: 7
    reason: Missing output files: results/summary_qc/Ch14_3.hisat2.log, results/align/Ch14_3.bam
    wildcards: sample=Ch14_3
    threads: 8
    resources: tmpdir=/tmp

[Wed Jun  4 15:48:18 2025]
Finished job 7.
3 of 31 steps (10%) done
Select jobs to execute...

[Wed Jun  4 15:48:18 2025]
rule stringtie_quant:
    input: results/align/Ch14_3.bam, data/genome/c_gigas.gtf
    output: results/quant/Ch14_3/Ch14_3.gtf
    jobid: 6
    reason: Missing output files: results/quant/Ch14_3/Ch14_3.gtf; Input files updated by another job: results/align/Ch14_3.bam
    wildcards: sample=Ch14_3
    threads: 8
    resources: tmpdir=/tmp

[Wed Jun  4 15:49:12 2025]
Finished job 6.
4 of 31 steps (13%) done
Select jobs to execute...

[Wed Jun  4 15:49:12 2025]
rule stringtie_quant:
    input: results/align/EP08_3.bam, data/genome/c_gigas.gtf
    output: results/quant/EP08_3/EP08_3.gtf
    jobid: 15
    reason: Missing output files: results/quant/EP08_3/EP08_3.gtf; Input files updated by another job: results/align/EP08_3.bam
    wildcards: sample=EP08_3
    threads: 8
    resources: tmpdir=/tmp

[Wed Jun  4 15:50:13 2025]
Finished job 15.
5 of 31 steps (16%) done
Select jobs to execute...

[Wed Jun  4 15:50:13 2025]
rule hisat2_align:
    input: results/fastp/Ch14_2_R1.clean.fastq.gz, results/fastp/Ch14_2_R2.clean.fastq.gz, results/hisat2_index, results/hisat2/splice_sites.txt
    output: results/align/Ch14_2.bam, results/align/Ch14_2.bam.bai, results/summary_qc/Ch14_2.hisat2.log
    jobid: 2
    reason: Missing output files: results/summary_qc/Ch14_2.hisat2.log, results/align/Ch14_2.bam
    wildcards: sample=Ch14_2
    threads: 8
    resources: tmpdir=/tmp

[Wed Jun  4 15:50:52 2025]
Finished job 2.
6 of 31 steps (19%) done
Select jobs to execute...

[Wed Jun  4 15:50:52 2025]
rule stringtie_quant:
    input: results/align/Ch14_2.bam, data/genome/c_gigas.gtf
    output: results/quant/Ch14_2/Ch14_2.gtf
    jobid: 1
    reason: Missing output files: results/quant/Ch14_2/Ch14_2.gtf; Input files updated by another job: results/align/Ch14_2.bam
    wildcards: sample=Ch14_2
    threads: 8
    resources: tmpdir=/tmp

[Wed Jun  4 15:51:46 2025]
Finished job 1.
7 of 31 steps (23%) done
Select jobs to execute...

[Wed Jun  4 15:51:46 2025]
rule stringtie_quant:
    input: results/align/EP08_1.bam, data/genome/c_gigas.gtf
    output: results/quant/EP08_1/EP08_1.gtf
    jobid: 9
    reason: Missing output files: results/quant/EP08_1/EP08_1.gtf; Input files updated by another job: results/align/EP08_1.bam
    wildcards: sample=EP08_1
    threads: 8
    resources: tmpdir=/tmp

[Wed Jun  4 15:52:36 2025]
Finished job 9.
8 of 31 steps (26%) done
Select jobs to execute...

[Wed Jun  4 15:52:36 2025]
rule hisat2_align:
    input: results/fastp/EP08_2_R1.clean.fastq.gz, results/fastp/EP08_2_R2.clean.fastq.gz, results/hisat2_index, results/hisat2/splice_sites.txt
    output: results/align/EP08_2.bam, results/align/EP08_2.bam.bai, results/summary_qc/EP08_2.hisat2.log
    jobid: 13
    reason: Missing output files: results/summary_qc/EP08_2.hisat2.log, results/align/EP08_2.bam
    wildcards: sample=EP08_2
    threads: 8
    resources: tmpdir=/tmp

[Wed Jun  4 15:53:16 2025]
Finished job 13.
9 of 31 steps (29%) done
Select jobs to execute...

[Wed Jun  4 15:53:16 2025]
rule gffcompare:
    input: results/quant/EP08_3/EP08_3.gtf, data/genome/c_gigas.gtf
    output: results/summary_qc/EP08_3.stats, results/summary_qc/EP08_3.loci, results/summary_qc/EP08_3.annotated.gtf, results/summary_qc/EP08_3.tracking
    jobid: 22
    reason: Missing output files: results/summary_qc/EP08_3.annotated.gtf, results/summary_qc/EP08_3.loci, results/summary_qc/EP08_3.stats, results/summary_qc/EP08_3.tracking; Input files updated by another job: results/quant/EP08_3/EP08_3.gtf
    wildcards: sample=EP08_3
    resources: tmpdir=/tmp


[Wed Jun  4 15:53:16 2025]
rule samtools_stats:
    input: results/align/Ch14_3.bam
    output: results/summary_qc/Ch14_3.samtools.stats
    jobid: 24
    reason: Missing output files: results/summary_qc/Ch14_3.samtools.stats; Input files updated by another job: results/align/Ch14_3.bam
    wildcards: sample=Ch14_3
    resources: tmpdir=/tmp


[Wed Jun  4 15:53:16 2025]
rule gffcompare:
    input: results/quant/Ch14_3/Ch14_3.gtf, data/genome/c_gigas.gtf
    output: results/summary_qc/Ch14_3.stats, results/summary_qc/Ch14_3.loci, results/summary_qc/Ch14_3.annotated.gtf, results/summary_qc/Ch14_3.tracking
    jobid: 19
    reason: Missing output files: results/summary_qc/Ch14_3.annotated.gtf, results/summary_qc/Ch14_3.tracking, results/summary_qc/Ch14_3.stats, results/summary_qc/Ch14_3.loci; Input files updated by another job: results/quant/Ch14_3/Ch14_3.gtf
    wildcards: sample=Ch14_3
    resources: tmpdir=/tmp


[Wed Jun  4 15:53:16 2025]
rule samtools_stats:
    input: results/align/EP08_1.bam
    output: results/summary_qc/EP08_1.samtools.stats
    jobid: 25
    reason: Missing output files: results/summary_qc/EP08_1.samtools.stats; Input files updated by another job: results/align/EP08_1.bam
    wildcards: sample=EP08_1
    resources: tmpdir=/tmp


[Wed Jun  4 15:53:16 2025]
rule samtools_stats:
    input: results/align/EP08_2.bam
    output: results/summary_qc/EP08_2.samtools.stats
    jobid: 26
    reason: Missing output files: results/summary_qc/EP08_2.samtools.stats; Input files updated by another job: results/align/EP08_2.bam
    wildcards: sample=EP08_2
    resources: tmpdir=/tmp


[Wed Jun  4 15:53:16 2025]
rule samtools_stats:
    input: results/align/Ch14_2.bam
    output: results/summary_qc/Ch14_2.samtools.stats
    jobid: 23
    reason: Missing output files: results/summary_qc/Ch14_2.samtools.stats; Input files updated by another job: results/align/Ch14_2.bam
    wildcards: sample=Ch14_2
    resources: tmpdir=/tmp


[Wed Jun  4 15:53:16 2025]
rule samtools_stats:
    input: results/align/EP08_3.bam
    output: results/summary_qc/EP08_3.samtools.stats
    jobid: 27
    reason: Missing output files: results/summary_qc/EP08_3.samtools.stats; Input files updated by another job: results/align/EP08_3.bam
    wildcards: sample=EP08_3
    resources: tmpdir=/tmp


[Wed Jun  4 15:53:16 2025]
rule gffcompare:
    input: results/quant/Ch14_2/Ch14_2.gtf, data/genome/c_gigas.gtf
    output: results/summary_qc/Ch14_2.stats, results/summary_qc/Ch14_2.loci, results/summary_qc/Ch14_2.annotated.gtf, results/summary_qc/Ch14_2.tracking
    jobid: 18
    reason: Missing output files: results/summary_qc/Ch14_2.stats, results/summary_qc/Ch14_2.tracking, results/summary_qc/Ch14_2.annotated.gtf, results/summary_qc/Ch14_2.loci; Input files updated by another job: results/quant/Ch14_2/Ch14_2.gtf
    wildcards: sample=Ch14_2
    resources: tmpdir=/tmp

WorkflowError:
Failed to open source file /home/tripp/GENOMICA/2025_snakemake_tests/envs/samtools.yaml
FileNotFoundError: [Errno 2] No such file or directory: '/home/tripp/GENOMICA/2025_snakemake_tests/envs/samtools.yaml'
Removing output files of failed job samtools_stats since they might be corrupted:
results/summary_qc/EP08_3.samtools.stats
WorkflowError:
Failed to open source file /home/tripp/GENOMICA/2025_snakemake_tests/envs/samtools.yaml
FileNotFoundError: [Errno 2] No such file or directory: '/home/tripp/GENOMICA/2025_snakemake_tests/envs/samtools.yaml'
Removing output files of failed job samtools_stats since they might be corrupted:
results/summary_qc/EP08_2.samtools.stats
WorkflowError:
Failed to open source file /home/tripp/GENOMICA/2025_snakemake_tests/envs/samtools.yaml
FileNotFoundError: [Errno 2] No such file or directory: '/home/tripp/GENOMICA/2025_snakemake_tests/envs/samtools.yaml'
Removing output files of failed job samtools_stats since they might be corrupted:
results/summary_qc/Ch14_3.samtools.stats
WorkflowError:
Failed to open source file /home/tripp/GENOMICA/2025_snakemake_tests/envs/samtools.yaml
FileNotFoundError: [Errno 2] No such file or directory: '/home/tripp/GENOMICA/2025_snakemake_tests/envs/samtools.yaml'
Removing output files of failed job samtools_stats since they might be corrupted:
results/summary_qc/Ch14_2.samtools.stats
WorkflowError:
Failed to open source file /home/tripp/GENOMICA/2025_snakemake_tests/envs/samtools.yaml
FileNotFoundError: [Errno 2] No such file or directory: '/home/tripp/GENOMICA/2025_snakemake_tests/envs/samtools.yaml'
Removing output files of failed job samtools_stats since they might be corrupted:
results/summary_qc/EP08_1.samtools.stats
[Wed Jun  4 15:54:51 2025]
Finished job 22.
10 of 31 steps (32%) done
[Wed Jun  4 15:54:52 2025]
Finished job 19.
11 of 31 steps (35%) done
[Wed Jun  4 15:54:52 2025]
Finished job 18.
12 of 31 steps (39%) done
Shutting down, this might take some time.
Exiting because a job execution failed. Look above for error message
Complete log: .snakemake/log/2025-06-04T154523.558124.snakemake.log
