Building DAG of jobs...
Using shell: /usr/bin/bash
Provided cores: 8
Rules claiming more threads will be scaled down.
Conda environments: ignored
Job stats:
job                           count
--------------------------  -------
all                               1
build_quant_sample_table          1
build_samples_table               1
fastp                             6
generate_metadata                 1
gffcompare                        6
hisat2_align                      6
hisat2_extract_splicesites        1
hisat2_index                      1
pca_html                          1
prepDE                            1
samtools_stats                    6
stringtie_final_quant             6
stringtie_merge                   1
stringtie_quant                   6
total                            45

Select jobs to execute...

[Wed Jun  4 22:34:26 2025]
rule fastp:
    input: testdata/raw/batch2_chrI_1.fastq, testdata/raw/batch2_chrI_2.fastq
    output: results/fastp/batch2_R1.clean.fastq.gz, results/fastp/batch2_R2.clean.fastq.gz, results/summary_qc/batch2_fastp.json, results/summary_qc/batch2_fastp.html
    jobid: 8
    reason: Missing output files: results/fastp/batch2_R1.clean.fastq.gz, results/summary_qc/batch2_fastp.html, results/summary_qc/batch2_fastp.json, results/fastp/batch2_R2.clean.fastq.gz
    wildcards: sample=batch2
    threads: 4
    resources: tmpdir=/tmp


[Wed Jun  4 22:34:26 2025]
rule fastp:
    input: testdata/raw/batch3_chrI_1.fastq, testdata/raw/batch3_chrI_2.fastq
    output: results/fastp/batch3_R1.clean.fastq.gz, results/fastp/batch3_R2.clean.fastq.gz, results/summary_qc/batch3_fastp.json, results/summary_qc/batch3_fastp.html
    jobid: 11
    reason: Missing output files: results/fastp/batch3_R2.clean.fastq.gz, results/fastp/batch3_R1.clean.fastq.gz, results/summary_qc/batch3_fastp.json, results/summary_qc/batch3_fastp.html
    wildcards: sample=batch3
    threads: 4
    resources: tmpdir=/tmp

[Wed Jun  4 22:34:29 2025]
Finished job 11.
1 of 45 steps (2%) done
Select jobs to execute...

[Wed Jun  4 22:34:29 2025]
rule fastp:
    input: testdata/raw/chem3_chrI_1.fastq, testdata/raw/chem3_chrI_2.fastq
    output: results/fastp/chem3_R1.clean.fastq.gz, results/fastp/chem3_R2.clean.fastq.gz, results/summary_qc/chem3_fastp.json, results/summary_qc/chem3_fastp.html
    jobid: 20
    reason: Missing output files: results/summary_qc/chem3_fastp.json, results/fastp/chem3_R2.clean.fastq.gz, results/summary_qc/chem3_fastp.html, results/fastp/chem3_R1.clean.fastq.gz
    wildcards: sample=chem3
    threads: 4
    resources: tmpdir=/tmp

[Wed Jun  4 22:34:29 2025]
Finished job 8.
2 of 45 steps (4%) done
Select jobs to execute...

[Wed Jun  4 22:34:29 2025]
rule fastp:
    input: testdata/raw/chem1_chrI_1.fastq, testdata/raw/chem1_chrI_2.fastq
    output: results/fastp/chem1_R1.clean.fastq.gz, results/fastp/chem1_R2.clean.fastq.gz, results/summary_qc/chem1_fastp.json, results/summary_qc/chem1_fastp.html
    jobid: 14
    reason: Missing output files: results/fastp/chem1_R2.clean.fastq.gz, results/summary_qc/chem1_fastp.html, results/summary_qc/chem1_fastp.json, results/fastp/chem1_R1.clean.fastq.gz
    wildcards: sample=chem1
    threads: 4
    resources: tmpdir=/tmp

[Wed Jun  4 22:34:31 2025]
Finished job 14.
3 of 45 steps (7%) done
Select jobs to execute...

[Wed Jun  4 22:34:31 2025]
rule fastp:
    input: testdata/raw/batch1_chrI_1.fastq, testdata/raw/batch1_chrI_2.fastq
    output: results/fastp/batch1_R1.clean.fastq.gz, results/fastp/batch1_R2.clean.fastq.gz, results/summary_qc/batch1_fastp.json, results/summary_qc/batch1_fastp.html
    jobid: 3
    reason: Missing output files: results/fastp/batch1_R2.clean.fastq.gz, results/summary_qc/batch1_fastp.html, results/fastp/batch1_R1.clean.fastq.gz, results/summary_qc/batch1_fastp.json
    wildcards: sample=batch1
    threads: 4
    resources: tmpdir=/tmp

[Wed Jun  4 22:34:32 2025]
Finished job 20.
4 of 45 steps (9%) done
Select jobs to execute...

[Wed Jun  4 22:34:32 2025]
rule fastp:
    input: testdata/raw/chem2_chrI_1.fastq, testdata/raw/chem2_chrI_2.fastq
    output: results/fastp/chem2_R1.clean.fastq.gz, results/fastp/chem2_R2.clean.fastq.gz, results/summary_qc/chem2_fastp.json, results/summary_qc/chem2_fastp.html
    jobid: 17
    reason: Missing output files: results/fastp/chem2_R2.clean.fastq.gz, results/summary_qc/chem2_fastp.html, results/summary_qc/chem2_fastp.json, results/fastp/chem2_R1.clean.fastq.gz
    wildcards: sample=chem2
    threads: 4
    resources: tmpdir=/tmp

[Wed Jun  4 22:34:34 2025]
Finished job 3.
5 of 45 steps (11%) done
Select jobs to execute...

[Wed Jun  4 22:34:34 2025]
rule generate_metadata:
    input: config/samples.tsv
    output: data/metadata.tsv
    jobid: 44
    reason: Updated input files: config/samples.tsv
    resources: tmpdir=/tmp

[Wed Jun  4 22:34:34 2025]
rule hisat2_extract_splicesites:
    input: testdata/genome/genes.gtf
    output: results/hisat2/splice_sites.txt
    jobid: 5
    reason: Missing output files: results/hisat2/splice_sites.txt
    resources: tmpdir=/tmp

[Wed Jun  4 22:34:34 2025]
Finished job 5.
6 of 45 steps (13%) done
Select jobs to execute...
[Wed Jun  4 22:34:35 2025]
Finished job 17.
7 of 45 steps (16%) done
[Wed Jun  4 22:34:35 2025]
Finished job 44.
8 of 45 steps (18%) done

[Wed Jun  4 22:34:35 2025]
rule hisat2_index:
    input: testdata/genome/genome.fna, results/hisat2/splice_sites.txt
    output: results/hisat2_index
    jobid: 4
    reason: Missing output files: results/hisat2_index; Input files updated by another job: results/hisat2/splice_sites.txt
    threads: 8
    resources: tmpdir=/tmp

[Wed Jun  4 22:34:45 2025]
Finished job 4.
9 of 45 steps (20%) done
Select jobs to execute...

[Wed Jun  4 22:34:45 2025]
rule hisat2_align:
    input: results/fastp/chem2_R1.clean.fastq.gz, results/fastp/chem2_R2.clean.fastq.gz, results/hisat2_index, results/hisat2/splice_sites.txt
    output: results/align/chem2.bam, results/align/chem2.bam.bai, results/summary_qc/chem2.hisat2.log
    jobid: 16
    reason: Missing output files: results/summary_qc/chem2.hisat2.log, results/align/chem2.bam; Input files updated by another job: results/fastp/chem2_R2.clean.fastq.gz, results/hisat2/splice_sites.txt, results/hisat2_index, results/fastp/chem2_R1.clean.fastq.gz
    wildcards: sample=chem2
    threads: 8
    resources: tmpdir=/tmp

[Wed Jun  4 22:34:47 2025]
Finished job 16.
10 of 45 steps (22%) done
Select jobs to execute...

[Wed Jun  4 22:34:47 2025]
rule hisat2_align:
    input: results/fastp/batch3_R1.clean.fastq.gz, results/fastp/batch3_R2.clean.fastq.gz, results/hisat2_index, results/hisat2/splice_sites.txt
    output: results/align/batch3.bam, results/align/batch3.bam.bai, results/summary_qc/batch3.hisat2.log
    jobid: 10
    reason: Missing output files: results/summary_qc/batch3.hisat2.log, results/align/batch3.bam; Input files updated by another job: results/fastp/batch3_R2.clean.fastq.gz, results/fastp/batch3_R1.clean.fastq.gz, results/hisat2/splice_sites.txt, results/hisat2_index
    wildcards: sample=batch3
    threads: 8
    resources: tmpdir=/tmp

[Wed Jun  4 22:34:49 2025]
Finished job 10.
11 of 45 steps (24%) done
Select jobs to execute...

[Wed Jun  4 22:34:49 2025]
rule hisat2_align:
    input: results/fastp/batch2_R1.clean.fastq.gz, results/fastp/batch2_R2.clean.fastq.gz, results/hisat2_index, results/hisat2/splice_sites.txt
    output: results/align/batch2.bam, results/align/batch2.bam.bai, results/summary_qc/batch2.hisat2.log
    jobid: 7
    reason: Missing output files: results/summary_qc/batch2.hisat2.log, results/align/batch2.bam; Input files updated by another job: results/hisat2/splice_sites.txt, results/fastp/batch2_R1.clean.fastq.gz, results/hisat2_index, results/fastp/batch2_R2.clean.fastq.gz
    wildcards: sample=batch2
    threads: 8
    resources: tmpdir=/tmp

[Wed Jun  4 22:34:53 2025]
Finished job 7.
12 of 45 steps (27%) done
Select jobs to execute...

[Wed Jun  4 22:34:53 2025]
rule stringtie_quant:
    input: results/align/batch2.bam, testdata/genome/genes.gtf
    output: results/quant/batch2/batch2.gtf
    jobid: 6
    reason: Missing output files: results/quant/batch2/batch2.gtf; Input files updated by another job: results/align/batch2.bam
    wildcards: sample=batch2
    threads: 8
    resources: tmpdir=/tmp

[Wed Jun  4 22:34:53 2025]
Finished job 6.
13 of 45 steps (29%) done
Select jobs to execute...

[Wed Jun  4 22:34:53 2025]
rule hisat2_align:
    input: results/fastp/chem3_R1.clean.fastq.gz, results/fastp/chem3_R2.clean.fastq.gz, results/hisat2_index, results/hisat2/splice_sites.txt
    output: results/align/chem3.bam, results/align/chem3.bam.bai, results/summary_qc/chem3.hisat2.log
    jobid: 19
    reason: Missing output files: results/summary_qc/chem3.hisat2.log, results/align/chem3.bam; Input files updated by another job: results/fastp/chem3_R2.clean.fastq.gz, results/hisat2/splice_sites.txt, results/hisat2_index, results/fastp/chem3_R1.clean.fastq.gz
    wildcards: sample=chem3
    threads: 8
    resources: tmpdir=/tmp

[Wed Jun  4 22:34:56 2025]
Finished job 19.
14 of 45 steps (31%) done
Select jobs to execute...

[Wed Jun  4 22:34:56 2025]
rule stringtie_quant:
    input: results/align/chem3.bam, testdata/genome/genes.gtf
    output: results/quant/chem3/chem3.gtf
    jobid: 18
    reason: Missing output files: results/quant/chem3/chem3.gtf; Input files updated by another job: results/align/chem3.bam
    wildcards: sample=chem3
    threads: 8
    resources: tmpdir=/tmp

[Wed Jun  4 22:34:57 2025]
Finished job 18.
15 of 45 steps (33%) done
Select jobs to execute...

[Wed Jun  4 22:34:57 2025]
rule stringtie_quant:
    input: results/align/chem2.bam, testdata/genome/genes.gtf
    output: results/quant/chem2/chem2.gtf
    jobid: 15
    reason: Missing output files: results/quant/chem2/chem2.gtf; Input files updated by another job: results/align/chem2.bam
    wildcards: sample=chem2
    threads: 8
    resources: tmpdir=/tmp

[Wed Jun  4 22:34:57 2025]
Finished job 15.
16 of 45 steps (36%) done
Select jobs to execute...

[Wed Jun  4 22:34:58 2025]
rule hisat2_align:
    input: results/fastp/batch1_R1.clean.fastq.gz, results/fastp/batch1_R2.clean.fastq.gz, results/hisat2_index, results/hisat2/splice_sites.txt
    output: results/align/batch1.bam, results/align/batch1.bam.bai, results/summary_qc/batch1.hisat2.log
    jobid: 2
    reason: Missing output files: results/align/batch1.bam, results/summary_qc/batch1.hisat2.log; Input files updated by another job: results/fastp/batch1_R2.clean.fastq.gz, results/fastp/batch1_R1.clean.fastq.gz, results/hisat2/splice_sites.txt, results/hisat2_index
    wildcards: sample=batch1
    threads: 8
    resources: tmpdir=/tmp

[Wed Jun  4 22:35:00 2025]
Finished job 2.
17 of 45 steps (38%) done
Select jobs to execute...

[Wed Jun  4 22:35:00 2025]
rule hisat2_align:
    input: results/fastp/chem1_R1.clean.fastq.gz, results/fastp/chem1_R2.clean.fastq.gz, results/hisat2_index, results/hisat2/splice_sites.txt
    output: results/align/chem1.bam, results/align/chem1.bam.bai, results/summary_qc/chem1.hisat2.log
    jobid: 13
    reason: Missing output files: results/summary_qc/chem1.hisat2.log, results/align/chem1.bam; Input files updated by another job: results/fastp/chem1_R2.clean.fastq.gz, results/hisat2/splice_sites.txt, results/hisat2_index, results/fastp/chem1_R1.clean.fastq.gz
    wildcards: sample=chem1
    threads: 8
    resources: tmpdir=/tmp

[Wed Jun  4 22:35:03 2025]
Finished job 13.
18 of 45 steps (40%) done
Select jobs to execute...

[Wed Jun  4 22:35:03 2025]
rule stringtie_quant:
    input: results/align/chem1.bam, testdata/genome/genes.gtf
    output: results/quant/chem1/chem1.gtf
    jobid: 12
    reason: Missing output files: results/quant/chem1/chem1.gtf; Input files updated by another job: results/align/chem1.bam
    wildcards: sample=chem1
    threads: 8
    resources: tmpdir=/tmp

[Wed Jun  4 22:35:03 2025]
Finished job 12.
19 of 45 steps (42%) done
Select jobs to execute...

[Wed Jun  4 22:35:03 2025]
rule gffcompare:
    input: results/quant/batch2/batch2.gtf, testdata/genome/genes.gtf
    output: results/summary_qc/batch2.stats, results/summary_qc/batch2.loci, results/summary_qc/batch2.annotated.gtf, results/summary_qc/batch2.tracking
    jobid: 22
    reason: Missing output files: results/summary_qc/batch2.annotated.gtf, results/summary_qc/batch2.stats, results/summary_qc/batch2.tracking, results/summary_qc/batch2.loci; Input files updated by another job: results/quant/batch2/batch2.gtf
    wildcards: sample=batch2
    resources: tmpdir=/tmp


[Wed Jun  4 22:35:03 2025]
rule samtools_stats:
    input: results/align/chem3.bam
    output: results/summary_qc/chem3.samtools.stats
    jobid: 32
    reason: Missing output files: results/summary_qc/chem3.samtools.stats; Input files updated by another job: results/align/chem3.bam
    wildcards: sample=chem3
    resources: tmpdir=/tmp


[Wed Jun  4 22:35:03 2025]
rule gffcompare:
    input: results/quant/chem2/chem2.gtf, testdata/genome/genes.gtf
    output: results/summary_qc/chem2.stats, results/summary_qc/chem2.loci, results/summary_qc/chem2.annotated.gtf, results/summary_qc/chem2.tracking
    jobid: 25
    reason: Missing output files: results/summary_qc/chem2.annotated.gtf, results/summary_qc/chem2.loci, results/summary_qc/chem2.tracking, results/summary_qc/chem2.stats; Input files updated by another job: results/quant/chem2/chem2.gtf
    wildcards: sample=chem2
    resources: tmpdir=/tmp


[Wed Jun  4 22:35:03 2025]
rule samtools_stats:
    input: results/align/chem2.bam
    output: results/summary_qc/chem2.samtools.stats
    jobid: 31
    reason: Missing output files: results/summary_qc/chem2.samtools.stats; Input files updated by another job: results/align/chem2.bam
    wildcards: sample=chem2
    resources: tmpdir=/tmp


[Wed Jun  4 22:35:03 2025]
rule samtools_stats:
    input: results/align/batch2.bam
    output: results/summary_qc/batch2.samtools.stats
    jobid: 28
    reason: Missing output files: results/summary_qc/batch2.samtools.stats; Input files updated by another job: results/align/batch2.bam
    wildcards: sample=batch2
    resources: tmpdir=/tmp


[Wed Jun  4 22:35:03 2025]
rule samtools_stats:
    input: results/align/batch1.bam
    output: results/summary_qc/batch1.samtools.stats
    jobid: 27
    reason: Missing output files: results/summary_qc/batch1.samtools.stats; Input files updated by another job: results/align/batch1.bam
    wildcards: sample=batch1
    resources: tmpdir=/tmp


[Wed Jun  4 22:35:03 2025]
rule samtools_stats:
    input: results/align/batch3.bam
    output: results/summary_qc/batch3.samtools.stats
    jobid: 29
    reason: Missing output files: results/summary_qc/batch3.samtools.stats; Input files updated by another job: results/align/batch3.bam
    wildcards: sample=batch3
    resources: tmpdir=/tmp


[Wed Jun  4 22:35:03 2025]
rule samtools_stats:
    input: results/align/chem1.bam
    output: results/summary_qc/chem1.samtools.stats
    jobid: 30
    reason: Missing output files: results/summary_qc/chem1.samtools.stats; Input files updated by another job: results/align/chem1.bam
    wildcards: sample=chem1
    resources: tmpdir=/tmp

[Wed Jun  4 22:35:03 2025]
Finished job 22.
20 of 45 steps (44%) done
Select jobs to execute...

[Wed Jun  4 22:35:03 2025]
rule gffcompare:
    input: results/quant/chem1/chem1.gtf, testdata/genome/genes.gtf
    output: results/summary_qc/chem1.stats, results/summary_qc/chem1.loci, results/summary_qc/chem1.annotated.gtf, results/summary_qc/chem1.tracking
    jobid: 24
    reason: Missing output files: results/summary_qc/chem1.stats, results/summary_qc/chem1.annotated.gtf, results/summary_qc/chem1.loci, results/summary_qc/chem1.tracking; Input files updated by another job: results/quant/chem1/chem1.gtf
    wildcards: sample=chem1
    resources: tmpdir=/tmp

[Wed Jun  4 22:35:04 2025]
Finished job 25.
21 of 45 steps (47%) done
Select jobs to execute...

[Wed Jun  4 22:35:04 2025]
rule gffcompare:
    input: results/quant/chem3/chem3.gtf, testdata/genome/genes.gtf
    output: results/summary_qc/chem3.stats, results/summary_qc/chem3.loci, results/summary_qc/chem3.annotated.gtf, results/summary_qc/chem3.tracking
    jobid: 26
    reason: Missing output files: results/summary_qc/chem3.annotated.gtf, results/summary_qc/chem3.tracking, results/summary_qc/chem3.loci, results/summary_qc/chem3.stats; Input files updated by another job: results/quant/chem3/chem3.gtf
    wildcards: sample=chem3
    resources: tmpdir=/tmp

[Wed Jun  4 22:35:04 2025]
Finished job 31.
22 of 45 steps (49%) done
Select jobs to execute...
[Wed Jun  4 22:35:04 2025]
Finished job 27.
23 of 45 steps (51%) done
[Wed Jun  4 22:35:04 2025]
Finished job 30.
24 of 45 steps (53%) done
[Wed Jun  4 22:35:04 2025]
Finished job 24.
25 of 45 steps (56%) done
[Wed Jun  4 22:35:04 2025]
Finished job 29.
26 of 45 steps (58%) done
[Wed Jun  4 22:35:04 2025]
Finished job 32.
27 of 45 steps (60%) done
[Wed Jun  4 22:35:04 2025]
Finished job 28.
28 of 45 steps (62%) done
[Wed Jun  4 22:35:04 2025]
Finished job 26.
29 of 45 steps (64%) done

[Wed Jun  4 22:35:04 2025]
rule stringtie_quant:
    input: results/align/batch1.bam, testdata/genome/genes.gtf
    output: results/quant/batch1/batch1.gtf
    jobid: 1
    reason: Missing output files: results/quant/batch1/batch1.gtf; Input files updated by another job: results/align/batch1.bam
    wildcards: sample=batch1
    threads: 8
    resources: tmpdir=/tmp

Select jobs to execute...
[Wed Jun  4 22:35:05 2025]
Finished job 1.
30 of 45 steps (67%) done

[Wed Jun  4 22:35:05 2025]
rule stringtie_quant:
    input: results/align/batch3.bam, testdata/genome/genes.gtf
    output: results/quant/batch3/batch3.gtf
    jobid: 9
    reason: Missing output files: results/quant/batch3/batch3.gtf; Input files updated by another job: results/align/batch3.bam
    wildcards: sample=batch3
    threads: 8
    resources: tmpdir=/tmp

[Wed Jun  4 22:35:05 2025]
Finished job 9.
31 of 45 steps (69%) done
Select jobs to execute...

[Wed Jun  4 22:35:05 2025]
rule build_samples_table:
    input: results/quant/batch1/batch1.gtf, results/quant/batch2/batch2.gtf, results/quant/batch3/batch3.gtf, results/quant/chem1/chem1.gtf, results/quant/chem2/chem2.gtf, results/quant/chem3/chem3.gtf
    output: results/quant/samples_table.txt
    jobid: 33
    reason: Missing output files: results/quant/samples_table.txt; Input files updated by another job: results/quant/batch1/batch1.gtf, results/quant/chem2/chem2.gtf, results/quant/chem3/chem3.gtf, results/quant/batch2/batch2.gtf, results/quant/chem1/chem1.gtf, results/quant/batch3/batch3.gtf
    resources: tmpdir=/tmp

[Wed Jun  4 22:35:05 2025]
rule gffcompare:
    input: results/quant/batch3/batch3.gtf, testdata/genome/genes.gtf
    output: results/summary_qc/batch3.stats, results/summary_qc/batch3.loci, results/summary_qc/batch3.annotated.gtf, results/summary_qc/batch3.tracking
    jobid: 23
    reason: Missing output files: results/summary_qc/batch3.tracking, results/summary_qc/batch3.loci, results/summary_qc/batch3.annotated.gtf, results/summary_qc/batch3.stats; Input files updated by another job: results/quant/batch3/batch3.gtf
    wildcards: sample=batch3
    resources: tmpdir=/tmp


[Wed Jun  4 22:35:05 2025]
rule gffcompare:
    input: results/quant/batch1/batch1.gtf, testdata/genome/genes.gtf
    output: results/summary_qc/batch1.stats, results/summary_qc/batch1.loci, results/summary_qc/batch1.annotated.gtf, results/summary_qc/batch1.tracking
    jobid: 21
    reason: Missing output files: results/summary_qc/batch1.tracking, results/summary_qc/batch1.loci, results/summary_qc/batch1.annotated.gtf, results/summary_qc/batch1.stats; Input files updated by another job: results/quant/batch1/batch1.gtf
    wildcards: sample=batch1
    resources: tmpdir=/tmp

[Wed Jun  4 22:35:05 2025]
Finished job 23.
32 of 45 steps (71%) done
[Wed Jun  4 22:35:05 2025]
Finished job 21.
33 of 45 steps (73%) done
[Wed Jun  4 22:35:07 2025]
Finished job 33.
34 of 45 steps (76%) done
Select jobs to execute...

[Wed Jun  4 22:35:07 2025]
rule stringtie_merge:
    input: results/quant/samples_table.txt, testdata/genome/genes.gtf
    output: results/quant/stringtie_merged.gtf
    jobid: 34
    reason: Missing output files: results/quant/stringtie_merged.gtf; Input files updated by another job: results/quant/samples_table.txt
    threads: 8
    resources: tmpdir=/tmp

[Wed Jun  4 22:35:07 2025]
Finished job 34.
35 of 45 steps (78%) done
Select jobs to execute...

[Wed Jun  4 22:35:07 2025]
rule stringtie_final_quant:
    input: results/align/chem3.bam, results/quant/stringtie_merged.gtf
    output: results/quant_final/chem3/chem3.gtf
    jobid: 41
    reason: Missing output files: results/quant_final/chem3/chem3.gtf; Input files updated by another job: results/quant/stringtie_merged.gtf, results/align/chem3.bam
    wildcards: sample=chem3
    threads: 8
    resources: tmpdir=/tmp

[Wed Jun  4 22:35:08 2025]
Finished job 41.
36 of 45 steps (80%) done
Select jobs to execute...

[Wed Jun  4 22:35:08 2025]
rule stringtie_final_quant:
    input: results/align/chem1.bam, results/quant/stringtie_merged.gtf
    output: results/quant_final/chem1/chem1.gtf
    jobid: 39
    reason: Missing output files: results/quant_final/chem1/chem1.gtf; Input files updated by another job: results/quant/stringtie_merged.gtf, results/align/chem1.bam
    wildcards: sample=chem1
    threads: 8
    resources: tmpdir=/tmp

[Wed Jun  4 22:35:08 2025]
Finished job 39.
37 of 45 steps (82%) done
Select jobs to execute...

[Wed Jun  4 22:35:08 2025]
rule stringtie_final_quant:
    input: results/align/chem2.bam, results/quant/stringtie_merged.gtf
    output: results/quant_final/chem2/chem2.gtf
    jobid: 40
    reason: Missing output files: results/quant_final/chem2/chem2.gtf; Input files updated by another job: results/align/chem2.bam, results/quant/stringtie_merged.gtf
    wildcards: sample=chem2
    threads: 8
    resources: tmpdir=/tmp

[Wed Jun  4 22:35:09 2025]
Finished job 40.
38 of 45 steps (84%) done
Select jobs to execute...

[Wed Jun  4 22:35:09 2025]
rule stringtie_final_quant:
    input: results/align/batch3.bam, results/quant/stringtie_merged.gtf
    output: results/quant_final/batch3/batch3.gtf
    jobid: 38
    reason: Missing output files: results/quant_final/batch3/batch3.gtf; Input files updated by another job: results/align/batch3.bam, results/quant/stringtie_merged.gtf
    wildcards: sample=batch3
    threads: 8
    resources: tmpdir=/tmp

[Wed Jun  4 22:35:09 2025]
Finished job 38.
39 of 45 steps (87%) done
Select jobs to execute...

[Wed Jun  4 22:35:09 2025]
rule stringtie_final_quant:
    input: results/align/batch1.bam, results/quant/stringtie_merged.gtf
    output: results/quant_final/batch1/batch1.gtf
    jobid: 36
    reason: Missing output files: results/quant_final/batch1/batch1.gtf; Input files updated by another job: results/align/batch1.bam, results/quant/stringtie_merged.gtf
    wildcards: sample=batch1
    threads: 8
    resources: tmpdir=/tmp

[Wed Jun  4 22:35:10 2025]
Finished job 36.
40 of 45 steps (89%) done
Select jobs to execute...

[Wed Jun  4 22:35:10 2025]
rule stringtie_final_quant:
    input: results/align/batch2.bam, results/quant/stringtie_merged.gtf
    output: results/quant_final/batch2/batch2.gtf
    jobid: 37
    reason: Missing output files: results/quant_final/batch2/batch2.gtf; Input files updated by another job: results/quant/stringtie_merged.gtf, results/align/batch2.bam
    wildcards: sample=batch2
    threads: 8
    resources: tmpdir=/tmp

[Wed Jun  4 22:35:10 2025]
Finished job 37.
41 of 45 steps (91%) done
Select jobs to execute...

[Wed Jun  4 22:35:10 2025]
rule build_quant_sample_table:
    input: results/quant_final/batch1/batch1.gtf, results/quant_final/batch2/batch2.gtf, results/quant_final/batch3/batch3.gtf, results/quant_final/chem1/chem1.gtf, results/quant_final/chem2/chem2.gtf, results/quant_final/chem3/chem3.gtf
    output: results/quant/samples_quant_table.txt
    jobid: 35
    reason: Missing output files: results/quant/samples_quant_table.txt; Input files updated by another job: results/quant_final/batch3/batch3.gtf, results/quant_final/chem2/chem2.gtf, results/quant_final/batch2/batch2.gtf, results/quant_final/chem1/chem1.gtf, results/quant_final/chem3/chem3.gtf, results/quant_final/batch1/batch1.gtf
    resources: tmpdir=/tmp

[Wed Jun  4 22:35:12 2025]
Finished job 35.
42 of 45 steps (93%) done
Select jobs to execute...

[Wed Jun  4 22:35:12 2025]
rule prepDE:
    input: results/quant/samples_quant_table.txt
    output: results/quant/gene_count_matrix.csv, results/quant/transcript_count_matrix.csv
    jobid: 42
    reason: Missing output files: results/quant/gene_count_matrix.csv, results/quant/transcript_count_matrix.csv; Input files updated by another job: results/quant/samples_quant_table.txt
    resources: tmpdir=/tmp

[Wed Jun  4 22:35:13 2025]
Finished job 42.
43 of 45 steps (96%) done
Select jobs to execute...

[Wed Jun  4 22:35:13 2025]
rule pca_html:
    input: results/quant/gene_count_matrix.csv, data/metadata.tsv, scripts/pca_plot.Rmd
    output: results/summary_qc/pca_plot.html
    jobid: 43
    reason: Missing output files: results/summary_qc/pca_plot.html; Input files updated by another job: results/quant/gene_count_matrix.csv, data/metadata.tsv
    resources: tmpdir=/tmp

[Wed Jun  4 22:35:25 2025]
Error in rule pca_html:
    jobid: 43
    input: results/quant/gene_count_matrix.csv, data/metadata.tsv, scripts/pca_plot.Rmd
    output: results/summary_qc/pca_plot.html
    conda-env: /home/tripp/GENOMICA/2025_snakemake_tests/.snakemake/conda/8629c5eb326eead54740d81ae84e6daf_
    shell:
        
        MAIN=$(pwd)
        Rscript -e "rmarkdown::render('scripts/pca_plot.Rmd', params = list(main='$MAIN', counts='results/quant/gene_count_matrix.csv', metadata='data/metadata.tsv'))"
        mv scripts/pca_plot.html results/summary_qc/pca_plot.html

        
        (one of the commands exited with non-zero exit code; note that snakemake uses bash strict mode!)

Shutting down, this might take some time.
Exiting because a job execution failed. Look above for error message
Complete log: .snakemake/log/2025-06-04T223425.487516.snakemake.log
